# JRE version: OpenJDK Runtime Environment (8.0_112-b06) (build 1.8.0_112-release-b06)
# Java VM: OpenJDK 64-Bit Server VM (25.112-b06 mixed mode windows-amd64 compressed oops)
Heap:
 PSYoungGen      total 144896K, used 144513K [0x00000000e0000000, 0x00000000eb200000, 0x0000000100000000)
  eden space 137216K, 100% used [0x00000000e0000000,0x00000000e8600000,0x00000000e8600000)
  from space 7680K, 95% used [0x00000000e8b80000,0x00000000e92a0520,0x00000000e9300000)
  to   space 22528K, 65% used [0x00000000e9c00000,0x00000000eaa83480,0x00000000eb200000)
 ParOldGen       total 75776K, used 57695K [0x00000000a0000000, 0x00000000a4a00000, 0x00000000e0000000)
  object space 75776K, 76% used [0x00000000a0000000,0x00000000a3857fe8,0x00000000a4a00000)
 Metaspace       used 72688K, capacity 77918K, committed 78208K, reserved 1118208K
  class space    used 9081K, capacity 9778K, committed 9856K, reserved 1048576K
GC Heap History (10 events):
Event: 3843.271 GC heap after
Heap after GC invocations=46 (full 3):
 PSYoungGen      total 157184K, used 6769K [0x00000000e0000000, 0x00000000ebe80000, 0x0000000100000000)
  eden space 150016K, 0% used [0x00000000e0000000,0x00000000e0000000,0x00000000e9280000)
  from space 7168K, 94% used [0x00000000e9880000,0x00000000e9f1c4e8,0x00000000e9f80000)
  to   space 22528K, 0% used [0x00000000ea880000,0x00000000ea880000,0x00000000ebe80000)
 ParOldGen       total 75776K, used 57487K [0x00000000a0000000, 0x00000000a4a00000, 0x00000000e0000000)
  object space 75776K, 75% used [0x00000000a0000000,0x00000000a3823fe8,0x00000000a4a00000)
 Metaspace       used 72473K, capacity 77602K, committed 77696K, reserved 1118208K
  class space    used 9065K, capacity 9762K, committed 9856K, reserved 1048576K
}
Event: 3844.605 GC heap before
{Heap before GC invocations=47 (full 3):
 PSYoungGen      total 157184K, used 156785K [0x00000000e0000000, 0x00000000ebe80000, 0x0000000100000000)
  eden space 150016K, 100% used [0x00000000e0000000,0x00000000e9280000,0x00000000e9280000)
  from space 7168K, 94% used [0x00000000e9880000,0x00000000e9f1c4e8,0x00000000e9f80000)
  to   space 22528K, 0% used [0x00000000ea880000,0x00000000ea880000,0x00000000ebe80000)
 ParOldGen       total 75776K, used 57487K [0x00000000a0000000, 0x00000000a4a00000, 0x00000000e0000000)
  object space 75776K, 75% used [0x00000000a0000000,0x00000000a3823fe8,0x00000000a4a00000)
 Metaspace       used 72497K, capacity 77670K, committed 77952K, reserved 1118208K
  class space    used 9065K, capacity 9762K, committed 9856K, reserved 1048576K
Event: 3844.627 GC heap after
Heap after GC invocations=47 (full 3):
 PSYoungGen      total 172032K, used 15415K [0x00000000e0000000, 0x00000000eca80000, 0x0000000100000000)
  eden space 149504K, 0% used [0x00000000e0000000,0x00000000e0000000,0x00000000e9200000)
  from space 22528K, 68% used [0x00000000ea880000,0x00000000eb78dcb8,0x00000000ebe80000)
  to   space 23040K, 0% used [0x00000000e9200000,0x00000000e9200000,0x00000000ea880000)
 ParOldGen       total 75776K, used 57543K [0x00000000a0000000, 0x00000000a4a00000, 0x00000000e0000000)
  object space 75776K, 75% used [0x00000000a0000000,0x00000000a3831fe8,0x00000000a4a00000)
 Metaspace       used 72497K, capacity 77670K, committed 77952K, reserved 1118208K
  class space    used 9065K, capacity 9762K, committed 9856K, reserved 1048576K
}
Event: 4073.843 GC heap before
{Heap before GC invocations=48 (full 3):
 PSYoungGen      total 172032K, used 164919K [0x00000000e0000000, 0x00000000eca80000, 0x0000000100000000)
  eden space 149504K, 100% used [0x00000000e0000000,0x00000000e9200000,0x00000000e9200000)
  from space 22528K, 68% used [0x00000000ea880000,0x00000000eb78dcb8,0x00000000ebe80000)
  to   space 23040K, 0% used [0x00000000e9200000,0x00000000e9200000,0x00000000ea880000)
 ParOldGen       total 75776K, used 57543K [0x00000000a0000000, 0x00000000a4a00000, 0x00000000e0000000)
  object space 75776K, 75% used [0x00000000a0000000,0x00000000a3831fe8,0x00000000a4a00000)
 Metaspace       used 72567K, capacity 77822K, committed 77952K, reserved 1118208K
  class space    used 9073K, capacity 9770K, committed 9856K, reserved 1048576K
Event: 4073.854 GC heap after
Heap after GC invocations=48 (full 3):
 PSYoungGen      total 151040K, used 7347K [0x00000000e0000000, 0x00000000eb800000, 0x0000000100000000)
  eden space 143360K, 0% used [0x00000000e0000000,0x00000000e0000000,0x00000000e8c00000)
  from space 7680K, 95% used [0x00000000e9200000,0x00000000e992ce58,0x00000000e9980000)
  to   space 22528K, 0% used [0x00000000ea200000,0x00000000ea200000,0x00000000eb800000)
 ParOldGen       total 75776K, used 57567K [0x00000000a0000000, 0x00000000a4a00000, 0x00000000e0000000)
  object space 75776K, 75% used [0x00000000a0000000,0x00000000a3837fe8,0x00000000a4a00000)
 Metaspace       used 72567K, capacity 77822K, committed 77952K, reserved 1118208K
  class space    used 9073K, capacity 9770K, committed 9856K, reserved 1048576K
}
Event: 4074.896 GC heap before
{Heap before GC invocations=49 (full 3):
 PSYoungGen      total 151040K, used 150707K [0x00000000e0000000, 0x00000000eb800000, 0x0000000100000000)
  eden space 143360K, 100% used [0x00000000e0000000,0x00000000e8c00000,0x00000000e8c00000)
  from space 7680K, 95% used [0x00000000e9200000,0x00000000e992ce58,0x00000000e9980000)
  to   space 22528K, 0% used [0x00000000ea200000,0x00000000ea200000,0x00000000eb800000)
 ParOldGen       total 75776K, used 57567K [0x00000000a0000000, 0x00000000a4a00000, 0x00000000e0000000)
  object space 75776K, 75% used [0x00000000a0000000,0x00000000a3837fe8,0x00000000a4a00000)
 Metaspace       used 72603K, capacity 77830K, committed 77952K, reserved 1118208K
  class space    used 9073K, capacity 9770K, committed 9856K, reserved 1048576K
Event: 4074.920 GC heap after
Heap after GC invocations=49 (full 3):
 PSYoungGen      total 165376K, used 15623K [0x00000000e0000000, 0x00000000ec480000, 0x0000000100000000)
  eden space 142848K, 0% used [0x00000000e0000000,0x00000000e0000000,0x00000000e8b80000)
  from space 22528K, 69% used [0x00000000ea200000,0x00000000eb141e68,0x00000000eb800000)
  to   space 23040K, 0% used [0x00000000e8b80000,0x00000000e8b80000,0x00000000ea200000)
 ParOldGen       total 75776K, used 57615K [0x00000000a0000000, 0x00000000a4a00000, 0x00000000e0000000)
  object space 75776K, 76% used [0x00000000a0000000,0x00000000a3843fe8,0x00000000a4a00000)
 Metaspace       used 72603K, capacity 77830K, committed 77952K, reserved 1118208K
  class space    used 9073K, capacity 9770K, committed 9856K, reserved 1048576K
}
Event: 4218.251 GC heap before
{Heap before GC invocations=50 (full 3):
 PSYoungGen      total 165376K, used 158471K [0x00000000e0000000, 0x00000000ec480000, 0x0000000100000000)
  eden space 142848K, 100% used [0x00000000e0000000,0x00000000e8b80000,0x00000000e8b80000)
  from space 22528K, 69% used [0x00000000ea200000,0x00000000eb141e68,0x00000000eb800000)
  to   space 23040K, 0% used [0x00000000e8b80000,0x00000000e8b80000,0x00000000ea200000)
 ParOldGen       total 75776K, used 57615K [0x00000000a0000000, 0x00000000a4a00000, 0x00000000e0000000)
  object space 75776K, 76% used [0x00000000a0000000,0x00000000a3843fe8,0x00000000a4a00000)
 Metaspace       used 72656K, capacity 77918K, committed 78208K, reserved 1118208K
  class space    used 9081K, capacity 9778K, committed 9856K, reserved 1048576K
Event: 4218.261 GC heap after
Heap after GC invocations=50 (full 3):
 PSYoungGen      total 144896K, used 7297K [0x00000000e0000000, 0x00000000eb200000, 0x0000000100000000)
  eden space 137216K, 0% used [0x00000000e0000000,0x00000000e0000000,0x00000000e8600000)
  from space 7680K, 95% used [0x00000000e8b80000,0x00000000e92a0520,0x00000000e9300000)
  to   space 22528K, 0% used [0x00000000e9c00000,0x00000000e9c00000,0x00000000eb200000)
 ParOldGen       total 75776K, used 57663K [0x00000000a0000000, 0x00000000a4a00000, 0x00000000e0000000)
  object space 75776K, 76% used [0x00000000a0000000,0x00000000a384ffe8,0x00000000a4a00000)
 Metaspace       used 72656K, capacity 77918K, committed 78208K, reserved 1118208K
  class space    used 9081K, capacity 9778K, committed 9856K, reserved 1048576K
}
Event: 4219.443 GC heap before
{Heap before GC invocations=51 (full 3):
 PSYoungGen      total 144896K, used 144513K [0x00000000e0000000, 0x00000000eb200000, 0x0000000100000000)
  eden space 137216K, 100% used [0x00000000e0000000,0x00000000e8600000,0x00000000e8600000)
  from space 7680K, 95% used [0x00000000e8b80000,0x00000000e92a0520,0x00000000e9300000)
  to   space 22528K, 0% used [0x00000000e9c00000,0x00000000e9c00000,0x00000000eb200000)
 ParOldGen       total 75776K, used 57663K [0x00000000a0000000, 0x00000000a4a00000, 0x00000000e0000000)
  object space 75776K, 76% used [0x00000000a0000000,0x00000000a384ffe8,0x00000000a4a00000)
 Metaspace       used 72688K, capacity 77918K, committed 78208K, reserved 1118208K
  class space    used 9081K, capacity 9778K, committed 9856K, reserved 1048576K

