# JRE version: OpenJDK Runtime Environment (8.0_112-b06) (build 1.8.0_112-release-b06)
# Java VM: OpenJDK 64-Bit Server VM (25.112-b06 mixed mode windows-amd64 compressed oops)
Heap:
 PSYoungGen      total 99328K, used 28355K [0x00000000e0000000, 0x00000000e8780000, 0x0000000100000000)
  eden space 89600K, 31% used [0x00000000e0000000,0x00000000e1bb0f08,0x00000000e5780000)
  from space 9728K, 0% used [0x00000000e5780000,0x00000000e5780000,0x00000000e6100000)
  to   space 11776K, 0% used [0x00000000e7c00000,0x00000000e7c00000,0x00000000e8780000)
 ParOldGen       total 61440K, used 17994K [0x00000000a0000000, 0x00000000a3c00000, 0x00000000e0000000)
  object space 61440K, 29% used [0x00000000a0000000,0x00000000a1192af0,0x00000000a3c00000)
 Metaspace       used 36690K, capacity 37350K, committed 37632K, reserved 1081344K
  class space    used 4875K, capacity 5087K, committed 5120K, reserved 1048576K
GC Heap History (10 events):
Event: 3.033 GC heap before
{Heap before GC invocations=7 (full 1):
 PSYoungGen      total 72192K, used 7107K [0x00000000e0000000, 0x00000000e5100000, 0x0000000100000000)
  eden space 64512K, 0% used [0x00000000e0000000,0x00000000e0000000,0x00000000e3f00000)
  from space 7680K, 92% used [0x00000000e4780000,0x00000000e4e70e60,0x00000000e4f00000)
  to   space 8704K, 0% used [0x00000000e3f00000,0x00000000e3f00000,0x00000000e4780000)
 ParOldGen       total 44032K, used 8315K [0x00000000a0000000, 0x00000000a2b00000, 0x00000000e0000000)
  object space 44032K, 18% used [0x00000000a0000000,0x00000000a081ef80,0x00000000a2b00000)
 Metaspace       used 20788K, capacity 21100K, committed 21296K, reserved 1067008K
  class space    used 2755K, capacity 2865K, committed 2944K, reserved 1048576K
Event: 3.168 GC heap after
Heap after GC invocations=7 (full 1):
 PSYoungGen      total 72192K, used 0K [0x00000000e0000000, 0x00000000e5100000, 0x0000000100000000)
  eden space 64512K, 0% used [0x00000000e0000000,0x00000000e0000000,0x00000000e3f00000)
  from space 7680K, 0% used [0x00000000e4780000,0x00000000e4780000,0x00000000e4f00000)
  to   space 8704K, 0% used [0x00000000e3f00000,0x00000000e3f00000,0x00000000e4780000)
 ParOldGen       total 38912K, used 8880K [0x00000000a0000000, 0x00000000a2600000, 0x00000000e0000000)
  object space 38912K, 22% used [0x00000000a0000000,0x00000000a08ac078,0x00000000a2600000)
 Metaspace       used 20788K, capacity 21100K, committed 21296K, reserved 1067008K
  class space    used 2755K, capacity 2865K, committed 2944K, reserved 1048576K
}
Event: 4.552 GC heap before
{Heap before GC invocations=8 (full 1):
 PSYoungGen      total 72192K, used 64512K [0x00000000e0000000, 0x00000000e5100000, 0x0000000100000000)
  eden space 64512K, 100% used [0x00000000e0000000,0x00000000e3f00000,0x00000000e3f00000)
  from space 7680K, 0% used [0x00000000e4780000,0x00000000e4780000,0x00000000e4f00000)
  to   space 8704K, 0% used [0x00000000e3f00000,0x00000000e3f00000,0x00000000e4780000)
 ParOldGen       total 38912K, used 8880K [0x00000000a0000000, 0x00000000a2600000, 0x00000000e0000000)
  object space 38912K, 22% used [0x00000000a0000000,0x00000000a08ac078,0x00000000a2600000)
 Metaspace       used 25898K, capacity 26368K, committed 26496K, reserved 1073152K
  class space    used 3568K, capacity 3693K, committed 3712K, reserved 1048576K
Event: 4.602 GC heap after
Heap after GC invocations=8 (full 1):
 PSYoungGen      total 73216K, used 7907K [0x00000000e0000000, 0x00000000e6e00000, 0x0000000100000000)
  eden space 64512K, 0% used [0x00000000e0000000,0x00000000e0000000,0x00000000e3f00000)
  from space 8704K, 90% used [0x00000000e3f00000,0x00000000e46b8cb8,0x00000000e4780000)
  to   space 9728K, 0% used [0x00000000e6480000,0x00000000e6480000,0x00000000e6e00000)
 ParOldGen       total 38912K, used 8880K [0x00000000a0000000, 0x00000000a2600000, 0x00000000e0000000)
  object space 38912K, 22% used [0x00000000a0000000,0x00000000a08ac078,0x00000000a2600000)
 Metaspace       used 25898K, capacity 26368K, committed 26496K, reserved 1073152K
  class space    used 3568K, capacity 3693K, committed 3712K, reserved 1048576K
}
Event: 6.176 GC heap before
{Heap before GC invocations=9 (full 1):
 PSYoungGen      total 73216K, used 72419K [0x00000000e0000000, 0x00000000e6e00000, 0x0000000100000000)
  eden space 64512K, 100% used [0x00000000e0000000,0x00000000e3f00000,0x00000000e3f00000)
  from space 8704K, 90% used [0x00000000e3f00000,0x00000000e46b8cb8,0x00000000e4780000)
  to   space 9728K, 0% used [0x00000000e6480000,0x00000000e6480000,0x00000000e6e00000)
 ParOldGen       total 38912K, used 8880K [0x00000000a0000000, 0x00000000a2600000, 0x00000000e0000000)
  object space 38912K, 22% used [0x00000000a0000000,0x00000000a08ac078,0x00000000a2600000)
 Metaspace       used 29035K, capacity 29440K, committed 29696K, reserved 1075200K
  class space    used 3938K, capacity 4077K, committed 4096K, reserved 1048576K
Event: 6.185 GC heap after
Heap after GC invocations=9 (full 1):
 PSYoungGen      total 95744K, used 5832K [0x00000000e0000000, 0x00000000e6a80000, 0x0000000100000000)
  eden space 89600K, 0% used [0x00000000e0000000,0x00000000e0000000,0x00000000e5780000)
  from space 6144K, 94% used [0x00000000e6480000,0x00000000e6a321a0,0x00000000e6a80000)
  to   space 9728K, 0% used [0x00000000e5780000,0x00000000e5780000,0x00000000e6100000)
 ParOldGen       total 38912K, used 8952K [0x00000000a0000000, 0x00000000a2600000, 0x00000000e0000000)
  object space 38912K, 23% used [0x00000000a0000000,0x00000000a08be088,0x00000000a2600000)
 Metaspace       used 29035K, capacity 29440K, committed 29696K, reserved 1075200K
  class space    used 3938K, capacity 4077K, committed 4096K, reserved 1048576K
}
Event: 7.421 GC heap before
{Heap before GC invocations=10 (full 1):
 PSYoungGen      total 95744K, used 82936K [0x00000000e0000000, 0x00000000e6a80000, 0x0000000100000000)
  eden space 89600K, 86% used [0x00000000e0000000,0x00000000e4b4c048,0x00000000e5780000)
  from space 6144K, 94% used [0x00000000e6480000,0x00000000e6a321a0,0x00000000e6a80000)
  to   space 9728K, 0% used [0x00000000e5780000,0x00000000e5780000,0x00000000e6100000)
 ParOldGen       total 38912K, used 8952K [0x00000000a0000000, 0x00000000a2600000, 0x00000000e0000000)
  object space 38912K, 23% used [0x00000000a0000000,0x00000000a08be088,0x00000000a2600000)
 Metaspace       used 34793K, capacity 35374K, committed 35496K, reserved 1079296K
  class space    used 4652K, capacity 4843K, committed 4864K, reserved 1048576K
Event: 7.521 GC heap after
Heap after GC invocations=10 (full 1):
 PSYoungGen      total 99328K, used 9727K [0x00000000e0000000, 0x00000000e8780000, 0x0000000100000000)
  eden space 89600K, 0% used [0x00000000e0000000,0x00000000e0000000,0x00000000e5780000)
  from space 9728K, 99% used [0x00000000e5780000,0x00000000e60fff08,0x00000000e6100000)
  to   space 11776K, 0% used [0x00000000e7c00000,0x00000000e7c00000,0x00000000e8780000)
 ParOldGen       total 38912K, used 11056K [0x00000000a0000000, 0x00000000a2600000, 0x00000000e0000000)
  object space 38912K, 28% used [0x00000000a0000000,0x00000000a0acc0d8,0x00000000a2600000)
 Metaspace       used 34793K, capacity 35374K, committed 35496K, reserved 1079296K
  class space    used 4652K, capacity 4843K, committed 4864K, reserved 1048576K
}
Event: 7.522 GC heap before
{Heap before GC invocations=11 (full 2):
 PSYoungGen      total 99328K, used 9727K [0x00000000e0000000, 0x00000000e8780000, 0x0000000100000000)
  eden space 89600K, 0% used [0x00000000e0000000,0x00000000e0000000,0x00000000e5780000)
  from space 9728K, 99% used [0x00000000e5780000,0x00000000e60fff08,0x00000000e6100000)
  to   space 11776K, 0% used [0x00000000e7c00000,0x00000000e7c00000,0x00000000e8780000)
 ParOldGen       total 38912K, used 11056K [0x00000000a0000000, 0x00000000a2600000, 0x00000000e0000000)
  object space 38912K, 28% used [0x00000000a0000000,0x00000000a0acc0d8,0x00000000a2600000)
 Metaspace       used 34793K, capacity 35374K, committed 35496K, reserved 1079296K
  class space    used 4652K, capacity 4843K, committed 4864K, reserved 1048576K
Event: 7.698 GC heap after
Heap after GC invocations=11 (full 2):
 PSYoungGen      total 99328K, used 0K [0x00000000e0000000, 0x00000000e8780000, 0x0000000100000000)
  eden space 89600K, 0% used [0x00000000e0000000,0x00000000e0000000,0x00000000e5780000)
  from space 9728K, 0% used [0x00000000e5780000,0x00000000e5780000,0x00000000e6100000)
  to   space 11776K, 0% used [0x00000000e7c00000,0x00000000e7c00000,0x00000000e8780000)
 ParOldGen       total 61440K, used 17994K [0x00000000a0000000, 0x00000000a3c00000, 0x00000000e0000000)
  object space 61440K, 29% used [0x00000000a0000000,0x00000000a1192af0,0x00000000a3c00000)
 Metaspace       used 34793K, capacity 35374K, committed 35496K, reserved 1079296K
  class space    used 4652K, capacity 4843K, committed 4864K, reserved 1048576K
}

