# JRE version: OpenJDK Runtime Environment (8.0_112-b06) (build 1.8.0_112-release-b06)
# Java VM: OpenJDK 64-Bit Server VM (25.112-b06 mixed mode windows-amd64 compressed oops)
Heap:
 PSYoungGen      total 206336K, used 19961K [0x00000000e0000000, 0x00000000ef280000, 0x0000000100000000)
  eden space 186368K, 0% used [0x00000000e0000000,0x00000000e0000000,0x00000000eb600000)
  from space 19968K, 99% used [0x00000000ecf00000,0x00000000ee27e600,0x00000000ee280000)
  to   space 25600K, 0% used [0x00000000eb600000,0x00000000eb600000,0x00000000ecf00000)
 ParOldGen       total 75264K, used 70308K [0x00000000a0000000, 0x00000000a4980000, 0x00000000e0000000)
  object space 75264K, 93% used [0x00000000a0000000,0x00000000a44a91a0,0x00000000a4980000)
 Metaspace       used 74888K, capacity 77696K, committed 77824K, reserved 1116160K
  class space    used 9596K, capacity 10179K, committed 10240K, reserved 1048576K
GC Heap History (10 events):
Event: 169.692 GC heap after
Heap after GC invocations=33 (full 3):
 PSYoungGen      total 157184K, used 11716K [0x00000000e0000000, 0x00000000eae00000, 0x0000000100000000)
  eden space 138240K, 0% used [0x00000000e0000000,0x00000000e0000000,0x00000000e8700000)
  from space 18944K, 61% used [0x00000000e9a00000,0x00000000ea5712c0,0x00000000eac80000)
  to   space 19456K, 0% used [0x00000000e8700000,0x00000000e8700000,0x00000000e9a00000)
 ParOldGen       total 75264K, used 55676K [0x00000000a0000000, 0x00000000a4980000, 0x00000000e0000000)
  object space 75264K, 73% used [0x00000000a0000000,0x00000000a365f310,0x00000000a4980000)
 Metaspace       used 65719K, capacity 68172K, committed 68352K, reserved 1107968K
  class space    used 8656K, capacity 9187K, committed 9216K, reserved 1048576K
}
Event: 1387.169 GC heap before
{Heap before GC invocations=34 (full 3):
 PSYoungGen      total 157184K, used 149956K [0x00000000e0000000, 0x00000000eae00000, 0x0000000100000000)
  eden space 138240K, 100% used [0x00000000e0000000,0x00000000e8700000,0x00000000e8700000)
  from space 18944K, 61% used [0x00000000e9a00000,0x00000000ea5712c0,0x00000000eac80000)
  to   space 19456K, 0% used [0x00000000e8700000,0x00000000e8700000,0x00000000e9a00000)
 ParOldGen       total 75264K, used 55676K [0x00000000a0000000, 0x00000000a4980000, 0x00000000e0000000)
  object space 75264K, 73% used [0x00000000a0000000,0x00000000a365f310,0x00000000a4980000)
 Metaspace       used 66011K, capacity 68528K, committed 68608K, reserved 1107968K
  class space    used 8666K, capacity 9197K, committed 9216K, reserved 1048576K
Event: 1387.215 GC heap after
Heap after GC invocations=34 (full 3):
 PSYoungGen      total 157696K, used 5309K [0x00000000e0000000, 0x00000000ec880000, 0x0000000100000000)
  eden space 138240K, 0% used [0x00000000e0000000,0x00000000e0000000,0x00000000e8700000)
  from space 19456K, 27% used [0x00000000e8700000,0x00000000e8c2f7a0,0x00000000e9a00000)
  to   space 18944K, 0% used [0x00000000eb600000,0x00000000eb600000,0x00000000ec880000)
 ParOldGen       total 75264K, used 56112K [0x00000000a0000000, 0x00000000a4980000, 0x00000000e0000000)
  object space 75264K, 74% used [0x00000000a0000000,0x00000000a36cc2e8,0x00000000a4980000)
 Metaspace       used 66011K, capacity 68528K, committed 68608K, reserved 1107968K
  class space    used 8666K, capacity 9197K, committed 9216K, reserved 1048576K
}
Event: 1392.069 GC heap before
{Heap before GC invocations=35 (full 3):
 PSYoungGen      total 157696K, used 143549K [0x00000000e0000000, 0x00000000ec880000, 0x0000000100000000)
  eden space 138240K, 100% used [0x00000000e0000000,0x00000000e8700000,0x00000000e8700000)
  from space 19456K, 27% used [0x00000000e8700000,0x00000000e8c2f7a0,0x00000000e9a00000)
  to   space 18944K, 0% used [0x00000000eb600000,0x00000000eb600000,0x00000000ec880000)
 ParOldGen       total 75264K, used 56112K [0x00000000a0000000, 0x00000000a4980000, 0x00000000e0000000)
  object space 75264K, 74% used [0x00000000a0000000,0x00000000a36cc2e8,0x00000000a4980000)
 Metaspace       used 70812K, capacity 73424K, committed 73600K, reserved 1114112K
  class space    used 9240K, capacity 9747K, committed 9856K, reserved 1048576K
Event: 1392.100 GC heap after
Heap after GC invocations=35 (full 3):
 PSYoungGen      total 184320K, used 12250K [0x00000000e0000000, 0x00000000ec800000, 0x0000000100000000)
  eden space 165888K, 0% used [0x00000000e0000000,0x00000000e0000000,0x00000000ea200000)
  from space 18432K, 66% used [0x00000000eb600000,0x00000000ec1f6990,0x00000000ec800000)
  to   space 19456K, 0% used [0x00000000ea200000,0x00000000ea200000,0x00000000eb500000)
 ParOldGen       total 75264K, used 57060K [0x00000000a0000000, 0x00000000a4980000, 0x00000000e0000000)
  object space 75264K, 75% used [0x00000000a0000000,0x00000000a37b93b0,0x00000000a4980000)
 Metaspace       used 70812K, capacity 73424K, committed 73600K, reserved 1114112K
  class space    used 9240K, capacity 9747K, committed 9856K, reserved 1048576K
}
Event: 1396.303 GC heap before
{Heap before GC invocations=36 (full 3):
 PSYoungGen      total 184320K, used 178138K [0x00000000e0000000, 0x00000000ec800000, 0x0000000100000000)
  eden space 165888K, 100% used [0x00000000e0000000,0x00000000ea200000,0x00000000ea200000)
  from space 18432K, 66% used [0x00000000eb600000,0x00000000ec1f6990,0x00000000ec800000)
  to   space 19456K, 0% used [0x00000000ea200000,0x00000000ea200000,0x00000000eb500000)
 ParOldGen       total 75264K, used 57060K [0x00000000a0000000, 0x00000000a4980000, 0x00000000e0000000)
  object space 75264K, 75% used [0x00000000a0000000,0x00000000a37b93b0,0x00000000a4980000)
 Metaspace       used 74016K, capacity 76768K, committed 77056K, reserved 1116160K
  class space    used 9556K, capacity 10147K, committed 10240K, reserved 1048576K
Event: 1396.337 GC heap after
Heap after GC invocations=36 (full 3):
 PSYoungGen      total 185344K, used 11879K [0x00000000e0000000, 0x00000000ee280000, 0x0000000100000000)
  eden space 165888K, 0% used [0x00000000e0000000,0x00000000e0000000,0x00000000ea200000)
  from space 19456K, 61% used [0x00000000ea200000,0x00000000ead99f98,0x00000000eb500000)
  to   space 19968K, 0% used [0x00000000ecf00000,0x00000000ecf00000,0x00000000ee280000)
 ParOldGen       total 75264K, used 63681K [0x00000000a0000000, 0x00000000a4980000, 0x00000000e0000000)
  object space 75264K, 84% used [0x00000000a0000000,0x00000000a3e30418,0x00000000a4980000)
 Metaspace       used 74016K, capacity 76768K, committed 77056K, reserved 1116160K
  class space    used 9556K, capacity 10147K, committed 10240K, reserved 1048576K
}
Event: 1398.409 GC heap before
{Heap before GC invocations=37 (full 3):
 PSYoungGen      total 185344K, used 177767K [0x00000000e0000000, 0x00000000ee280000, 0x0000000100000000)
  eden space 165888K, 100% used [0x00000000e0000000,0x00000000ea200000,0x00000000ea200000)
  from space 19456K, 61% used [0x00000000ea200000,0x00000000ead99f98,0x00000000eb500000)
  to   space 19968K, 0% used [0x00000000ecf00000,0x00000000ecf00000,0x00000000ee280000)
 ParOldGen       total 75264K, used 63681K [0x00000000a0000000, 0x00000000a4980000, 0x00000000e0000000)
  object space 75264K, 84% used [0x00000000a0000000,0x00000000a3e30418,0x00000000a4980000)
 Metaspace       used 74888K, capacity 77696K, committed 77824K, reserved 1116160K
  class space    used 9596K, capacity 10179K, committed 10240K, reserved 1048576K
Event: 1398.544 GC heap after
Heap after GC invocations=37 (full 3):
 PSYoungGen      total 206336K, used 19961K [0x00000000e0000000, 0x00000000ef280000, 0x0000000100000000)
  eden space 186368K, 0% used [0x00000000e0000000,0x00000000e0000000,0x00000000eb600000)
  from space 19968K, 99% used [0x00000000ecf00000,0x00000000ee27e600,0x00000000ee280000)
  to   space 25600K, 0% used [0x00000000eb600000,0x00000000eb600000,0x00000000ecf00000)
 ParOldGen       total 75264K, used 70308K [0x00000000a0000000, 0x00000000a4980000, 0x00000000e0000000)
  object space 75264K, 93% used [0x00000000a0000000,0x00000000a44a91a0,0x00000000a4980000)
 Metaspace       used 74888K, capacity 77696K, committed 77824K, reserved 1116160K
  class space    used 9596K, capacity 10179K, committed 10240K, reserved 1048576K
}
Event: 1398.544 GC heap before
{Heap before GC invocations=38 (full 4):
 PSYoungGen      total 206336K, used 19961K [0x00000000e0000000, 0x00000000ef280000, 0x0000000100000000)
  eden space 186368K, 0% used [0x00000000e0000000,0x00000000e0000000,0x00000000eb600000)
  from space 19968K, 99% used [0x00000000ecf00000,0x00000000ee27e600,0x00000000ee280000)
  to   space 25600K, 0% used [0x00000000eb600000,0x00000000eb600000,0x00000000ecf00000)
 ParOldGen       total 75264K, used 70308K [0x00000000a0000000, 0x00000000a4980000, 0x00000000e0000000)
  object space 75264K, 93% used [0x00000000a0000000,0x00000000a44a91a0,0x00000000a4980000)
 Metaspace       used 74888K, capacity 77696K, committed 77824K, reserved 1116160K
  class space    used 9596K, capacity 10179K, committed 10240K, reserved 1048576K

